SF:lib/src/model/dogo_images_model.dart
DA:9,2
DA:14,2
DA:15,2
LF:3
LH:3
end_of_record
SF:lib/src/model/dogo_images_model.g.dart
DA:11,2
DA:12,2
DA:15,2
DA:16,2
DA:17,2
DA:18,8
DA:19,4
LF:7
LH:7
end_of_record
SF:lib/src/model/dogo_random_image_model.dart
DA:9,2
DA:14,2
DA:15,2
LF:3
LH:3
end_of_record
SF:lib/src/model/dogo_random_image_model.g.dart
DA:11,2
DA:13,2
DA:16,2
DA:17,2
DA:18,4
DA:19,4
LF:6
LH:6
end_of_record
SF:lib/src/model/dogos_breed_model.dart
DA:9,2
DA:13,2
DA:14,2
LF:3
LH:3
end_of_record
SF:lib/src/model/dogos_breed_model.g.dart
DA:11,2
DA:12,2
DA:15,2
DA:16,2
DA:17,2
DA:19,4
DA:20,4
DA:21,6
DA:23,4
LF:9
LH:9
end_of_record
SF:lib/src/model/dogos_by_breed_image_model.dart
DA:9,0
DA:13,0
DA:14,0
LF:3
LH:0
end_of_record
SF:lib/src/model/dogos_by_breed_image_model.g.dart
DA:11,0
DA:13,0
DA:16,0
DA:17,0
DA:18,0
DA:19,0
DA:20,0
LF:7
LH:0
end_of_record
SF:lib/src/model/dogos_sub_breed_model.dart
DA:9,2
DA:14,2
DA:15,2
LF:3
LH:3
end_of_record
SF:lib/src/model/dogos_sub_breed_model.g.dart
DA:11,2
DA:12,2
DA:15,2
DA:16,2
DA:17,2
DA:18,8
DA:19,4
LF:7
LH:7
end_of_record
SF:lib/src/dogo_api_client.dart
DA:16,2
DA:21,1
DA:23,5
DA:24,2
DA:25,3
DA:27,1
DA:32,1
DA:33,5
DA:34,2
DA:35,3
DA:37,1
DA:42,1
DA:44,5
DA:45,2
DA:46,3
DA:48,1
DA:53,1
DA:55,5
DA:56,2
DA:57,3
DA:59,1
DA:64,1
DA:66,1
DA:67,4
DA:68,2
DA:69,3
DA:71,1
DA:76,1
DA:78,5
DA:79,2
DA:80,3
DA:82,1
DA:87,1
DA:90,5
DA:91,2
DA:92,3
DA:94,1
LF:37
LH:37
end_of_record
