SF:lib/dogo_breed/cubit/dogo_breed_state.dart
DA:5,6
DA:9,1
DA:10,2
DA:14,5
DA:16,0
DA:20,5
DA:22,0
DA:26,1
DA:28,1
DA:32,4
DA:35,0
LF:11
LH:8
end_of_record
SF:lib/dogo_breed/cubit/dogo_breed_cubit.dart
DA:8,2
DA:11,1
DA:12,1
DA:13,4
DA:14,2
DA:15,1
DA:16,0
LF:7
LH:6
end_of_record
SF:lib/dogo/cubit/dogo_state.dart
DA:6,6
DA:12,1
DA:13,2
DA:17,5
DA:21,5
DA:25,2
DA:29,4
LF:7
LH:7
end_of_record
SF:lib/dogo/cubit/dogo_cubit.dart
DA:8,2
DA:11,1
DA:14,1
DA:16,1
DA:18,1
DA:21,0
DA:25,1
DA:26,1
DA:27,2
DA:28,1
DA:31,1
DA:32,1
DA:33,2
DA:34,1
DA:37,1
DA:38,1
DA:39,2
DA:41,1
DA:44,1
DA:45,1
DA:48,1
DA:49,2
DA:52,0
DA:53,0
LF:24
LH:21
end_of_record
SF:lib/dogo/cubit/dogos_state.dart
DA:4,6
DA:11,1
DA:12,2
DA:16,5
DA:17,0
DA:21,5
DA:22,0
DA:26,2
DA:30,4
DA:31,0
LF:10
LH:7
end_of_record
SF:lib/dogo/cubit/dogos_cubit.dart
DA:8,2
DA:11,1
DA:14,1
DA:16,1
DA:19,0
DA:23,1
DA:24,1
DA:25,2
DA:26,1
DA:29,1
DA:30,1
DA:31,2
DA:33,1
DA:36,1
DA:37,1
DA:40,1
DA:41,2
LF:17
LH:16
end_of_record
SF:lib/dogo/presentation/pages/dogo_page.dart
DA:9,4
DA:11,0
DA:13,0
DA:14,0
LF:4
LH:1
end_of_record
SF:lib/dogo/presentation/pages/dogos_gallery_page.dart
DA:9,0
DA:16,0
DA:18,0
DA:19,0
DA:20,0
DA:21,0
DA:22,0
LF:7
LH:0
end_of_record
SF:lib/dogo/presentation/widget/dog_picker_tile.dart
DA:4,0
DA:13,0
DA:15,0
DA:16,0
DA:17,0
DA:18,0
DA:19,0
DA:20,0
DA:23,0
DA:24,0
DA:25,0
LF:11
LH:0
end_of_record
SF:lib/dogo/presentation/widget/dogo_empty.dart
DA:4,4
DA:6,0
DA:8,0
LF:3
LH:1
end_of_record
SF:lib/dogo/presentation/widget/dogo_failure.dart
DA:4,4
DA:6,0
DA:8,0
LF:3
LH:1
end_of_record
SF:lib/dogo/presentation/widget/dogo_full_image.dart
DA:5,0
DA:7,0
DA:9,0
DA:10,0
DA:13,0
DA:14,0
DA:15,0
DA:16,0
DA:17,0
DA:18,0
DA:19,0
DA:20,0
DA:26,0
DA:28,0
LF:14
LH:0
end_of_record
SF:lib/dogo/presentation/widget/dogo_loading.dart
DA:4,4
DA:6,0
LF:2
LH:1
end_of_record
SF:lib/dogo/presentation/widget/dogo_succes.dart
DA:12,0
DA:16,0
DA:18,0
DA:19,0
DA:20,0
DA:21,0
DA:22,0
DA:24,0
DA:26,0
DA:31,0
DA:32,0
DA:33,0
DA:34,0
DA:35,0
DA:36,0
DA:37,0
DA:38,0
DA:39,0
DA:42,0
DA:45,0
DA:46,0
DA:47,0
DA:54,0
DA:55,0
DA:63,0
DA:77,0
DA:78,0
DA:82,0
DA:85,0
DA:86,0
DA:87,0
DA:89,0
DA:91,0
DA:92,0
DA:95,0
DA:98,0
DA:101,0
DA:109,0
DA:110,0
DA:111,0
DA:112,0
DA:116,0
DA:117,0
DA:118,0
DA:120,0
DA:121,0
DA:122,0
DA:130,0
DA:131,0
LF:49
LH:0
end_of_record
SF:lib/dogo_sub_breed/presentation/pages/sub_breed_list_page.dart
DA:9,0
DA:12,0
DA:14,0
DA:15,0
DA:16,0
DA:17,0
DA:18,0
DA:19,0
LF:8
LH:0
end_of_record
SF:lib/dogo/presentation/widget/dogo_view.dart
DA:7,4
DA:9,0
DA:10,0
DA:14,0
DA:16,0
DA:17,0
DA:19,0
DA:20,0
DA:21,0
DA:23,0
DA:24,0
DA:25,0
LF:12
LH:1
end_of_record
SF:lib/dogo/presentation/widget/dogos_gallery_picker_tile.dart
DA:9,4
DA:13,0
DA:15,0
DA:16,0
DA:17,0
DA:18,0
DA:20,0
DA:22,0
DA:23,0
DA:24,0
DA:26,0
DA:27,0
DA:28,0
DA:31,0
DA:32,0
DA:40,0
DA:43,0
DA:44,0
DA:47,0
DA:48,0
LF:20
LH:1
end_of_record
SF:lib/dogo/presentation/widget/dogos_gallery_view.dart
DA:9,4
DA:11,0
DA:13,0
DA:14,0
DA:17,0
DA:18,0
DA:19,0
DA:23,0
DA:24,0
DA:28,0
DA:29,0
DA:30,0
DA:31,0
DA:33,0
DA:34,0
DA:35,0
DA:37,0
DA:40,0
DA:43,0
DA:50,0
DA:51,0
DA:52,0
LF:22
LH:1
end_of_record
SF:lib/dogo_breed/presentation/pages/breed_list_page.dart
DA:9,8
DA:14,0
DA:16,0
DA:17,0
DA:18,0
LF:5
LH:1
end_of_record
SF:lib/dogo_breed/presentation/widget/dogo_breed_list_view.dart
DA:8,0
DA:11,0
DA:13,0
DA:14,0
DA:15,0
DA:19,0
DA:20,0
DA:21,0
DA:22,0
DA:29,0
DA:30,0
DA:31,0
DA:32,0
DA:34,0
DA:40,0
DA:41,0
DA:43,0
DA:44,0
DA:45,0
DA:46,0
DA:54,0
DA:56,0
DA:57,0
DA:58,0
DA:59,0
DA:60,0
DA:63,0
DA:66,0
DA:67,0
DA:71,0
DA:72,0
DA:73,0
LF:32
LH:0
end_of_record
SF:lib/dogo_sub_breed/cubit/dogo_sub_breed_state.dart
DA:6,6
DA:8,1
DA:9,1
DA:13,5
DA:15,0
DA:19,5
DA:21,0
DA:25,1
DA:27,1
DA:31,4
DA:34,0
LF:11
LH:8
end_of_record
SF:lib/dogo_sub_breed/cubit/dogo_sub_breed_cubit.dart
DA:8,2
DA:11,1
DA:12,1
DA:13,4
DA:14,2
DA:15,1
DA:16,0
DA:17,0
LF:8
LH:6
end_of_record
SF:lib/dogo_sub_breed/presentation/widgets/sub_breed_list_view.dart
DA:8,0
DA:9,0
DA:14,0
DA:16,0
DA:17,0
DA:18,0
DA:22,0
DA:23,0
DA:24,0
DA:34,0
DA:35,0
DA:36,0
DA:39,0
DA:40,0
DA:41,0
DA:42,0
DA:43,0
DA:48,0
DA:49,0
DA:52,0
DA:53,0
DA:55,0
DA:56,0
DA:57,0
DA:65,0
DA:67,0
DA:68,0
DA:69,0
DA:70,0
DA:71,0
DA:72,0
DA:77,0
DA:80,0
DA:81,0
LF:34
LH:0
end_of_record
SF:lib/home.dart
DA:7,4
DA:9,0
DA:11,0
DA:12,0
LF:4
LH:1
end_of_record
SF:lib/main.dart
DA:4,0
DA:5,0
DA:9,4
DA:11,0
DA:13,0
DA:15,0
DA:16,0
LF:7
LH:1
end_of_record
SF:lib/shared/util/build_context_extension.dart
DA:4,0
DA:6,0
DA:13,0
DA:14,0
DA:15,0
DA:19,0
DA:20,0
DA:21,0
DA:22,0
DA:27,0
DA:28,0
DA:31,0
DA:36,0
DA:37,0
DA:39,0
LF:15
LH:0
end_of_record
